0 verbose cli /usr/bin/node /usr/bin/npm
1 info using npm@10.8.2
2 info using node@v20.18.0
3 silly config load:file:/usr/lib/node_modules/npm/npmrc
4 silly config load:file:/home/container/.npmrc
5 silly config load:file:/usr/etc/npmrc
6 verbose title npm i
7 verbose argv "i"
8 verbose logfile logs-max:10 dir:/home/container/.npm/_logs/2024-10-15T18_56_50_573Z-
9 verbose logfile /home/container/.npm/_logs/2024-10-15T18_56_50_573Z-debug-0.log
10 silly packumentCache heap:4345298944 maxSize:1086324736 maxEntrySize:543162368
11 silly logfile done cleaning log files
12 silly idealTree buildDeps
13 verbose shrinkwrap failed to load node_modules/.package-lock.json out of date, updated: node_modules
14 silly reify moves {}
15 silly audit bulk request {
15 silly audit   '@discordjs/builders': [ '1.9.0' ],
15 silly audit   'discord-api-types': [ '0.37.97', '0.37.83', '0.37.100' ],
15 silly audit   '@discordjs/collection': [ '1.5.3', '2.1.1' ],
15 silly audit   '@discordjs/formatters': [ '0.5.0' ],
15 silly audit   '@discordjs/rest': [ '2.4.0' ],
15 silly audit   '@discordjs/util': [ '1.1.1' ],
15 silly audit   '@discordjs/ws': [ '1.1.1' ],
15 silly audit   '@mongodb-js/saslprep': [ '1.1.9' ],
15 silly audit   '@sapphire/async-queue': [ '1.5.3' ],
15 silly audit   '@sapphire/shapeshift': [ '4.0.0' ],
15 silly audit   '@sapphire/snowflake': [ '3.5.3' ],
15 silly audit   '@types/node': [ '22.7.5' ],
15 silly audit   '@types/webidl-conversions': [ '7.0.3' ],
15 silly audit   '@types/whatwg-url': [ '11.0.5' ],
15 silly audit   '@types/ws': [ '8.5.12' ],
15 silly audit   '@vladfrangu/async_event_emitter': [ '2.4.6' ],
15 silly audit   bson: [ '6.8.0' ],
15 silly audit   'discord.js': [ '14.16.3' ],
15 silly audit   dotenv: [ '16.4.5' ],
15 silly audit   'fast-deep-equal': [ '3.1.3' ],
15 silly audit   lodash: [ '4.17.21' ],
15 silly audit   'lodash.snakecase': [ '4.1.1' ],
15 silly audit   'magic-bytes.js': [ '1.10.0' ],
15 silly audit   'memory-pager': [ '1.5.0' ],
15 silly audit   mongodb: [ '6.9.0' ],
15 silly audit   'mongodb-connection-string-url': [ '3.0.1' ],
15 silly audit   punycode: [ '2.3.1' ],
15 silly audit   'sparse-bitfield': [ '3.0.3' ],
15 silly audit   tr46: [ '4.1.1' ],
15 silly audit   'ts-mixer': [ '6.0.4' ],
15 silly audit   tslib: [ '2.7.0' ],
15 silly audit   undici: [ '6.19.8' ],
15 silly audit   'undici-types': [ '6.19.8' ],
15 silly audit   'webidl-conversions': [ '7.0.0' ],
15 silly audit   'whatwg-url': [ '13.0.0' ],
15 silly audit   ws: [ '8.18.0' ]
15 silly audit }
16 http fetch GET 200 https://registry.npmjs.org/npm 741ms
17 http fetch POST 200 https://registry.npmjs.org/-/npm/v1/security/advisories/bulk 763ms
18 silly audit report {}
19 verbose cwd /home/container
20 verbose os Linux 6.1.0-23-amd64
21 verbose node v20.18.0
22 verbose npm  v10.8.2
23 notice
23 notice New [33mminor[39m version of npm available! [33m10.8.2[39m -> [34m10.9.0[39m
23 notice Changelog: [34mhttps://github.com/npm/cli/releases/tag/v10.9.0[39m
23 notice To update run: [4mnpm install -g npm@10.9.0[24m
23 notice  { force: true, [Symbol(proc-log.meta)]: true }
24 verbose exit 0
25 info ok
